<?xml version="1.0" encoding="UTF-8"?>
<!-- Generated by org.testng.reporters.JUnitXMLReporter -->
<testsuite hostname="Nityas-MacBook-Air.local" ignored="0" name="Command line test" tests="6" failures="0" timestamp="2019-08-28T13:26:47 IST" time="0.074" errors="0">
  <testcase name="IOSApps" time="0.009" classname="qaclickacademy.AppiumTest"/>
  <testcase name="NativeAppAndriod" time="0.0" classname="qaclickacademy.AppiumTest"/>
  <testcase name="BrowserAutomation" time="0.0" classname="qaclickacademy.SeleniumTest"/>
  <testcase name="ElementsUI" time="0.0" classname="qaclickacademy.SeleniumTest"/>
  <testcase name="PostJira" time="0.0" classname="qaclickacademy.RESTAPITest"/>
  <testcase name="deleteTwitter" time="0.0" classname="qaclickacademy.RESTAPITest"/>
</testsuite> <!-- Command line test -->
