<?xml version="1.0" encoding="UTF-8"?>
<testng-results total="1" passed="1" failed="0" skipped="0">
  <reporter-output>
  </reporter-output>
  <suite started-at="2022-05-27T15:25:31Z" name="Default suite" finished-at="2022-05-27T15:25:43Z" duration-ms="12107">
    <groups>
    </groups>
    <test started-at="2022-05-27T15:25:31Z" name="Default test" finished-at="2022-05-27T15:25:43Z" duration-ms="12107">
      <class name="Practice.dropDown">
        <test-method is-config="true" signature="setUp()[pri:0, instance:Practice.dropDown@47d9a273]" started-at="2022-05-27T20:55:31Z" name="setUp" finished-at="2022-05-27T20:55:42Z" duration-ms="11502" status="PASS">
          <reporter-output>
          </reporter-output>
        </test-method> <!-- setUp -->
        <test-method signature="test()[pri:0, instance:Practice.dropDown@47d9a273]" started-at="2022-05-27T20:55:42Z" name="test" finished-at="2022-05-27T20:55:43Z" duration-ms="571" status="PASS">
          <reporter-output>
          </reporter-output>
        </test-method> <!-- test -->
      </class> <!-- Practice.dropDown -->
    </test> <!-- Default test -->
  </suite> <!-- Default suite -->
</testng-results>
